<?xml version="1.0" encoding="UTF-8" ?>
<testsuite tests="1" failures="0" name="runner.TestRunner" time="1,222.406" errors="1" skipped="0">
  <properties>
[...]
</properties>
  <testcase classname="As a user, should be able to verify the deals page" name="Test" time="1,222.406">
    <error message="Could not instantiate class org.openqa.selenium.chrome.ChromeDriver" type="net.thucydides.core.webdriver.UnsupportedDriverException">net.thucydides.core.webdriver.UnsupportedDriverException: Could not instantiate class org.openqa.selenium.chrome.ChromeDriver
	at net.thucydides.core.webdriver.WebDriverFacade.newDriverInstance(WebDriverFacade.java:154)
	at net.thucydides.core.webdriver.WebDriverFacade.newProxyDriver(WebDriverFacade.java:142)
	at net.thucydides.core.webdriver.WebDriverFacade.getProxiedDriver(WebDriverFacade.java:112)
	at net.thucydides.core.webdriver.WebDriverFacade.get(WebDriverFacade.java:182)
	at pageObjects.LoginPageObject.LaunchTheHomeUrl(LoginPageObject.java:36)
	at steps.LoginSteps.launchTheUrl(LoginSteps.java:14)
	at steps.LoginSteps$$EnhancerByCGLIB$$98e47f3b.CGLIB$launchTheUrl$0(&lt;generated&gt;)
	at steps.LoginSteps$$EnhancerByCGLIB$$98e47f3b$$FastClassByCGLIB$$30037acd.invoke(&lt;generated&gt;)
	at net.sf.cglib.proxy.MethodProxy.invokeSuper(MethodProxy.java:228)
	at net.thucydides.core.steps.StepInterceptor.invokeMethod(StepInterceptor.java:478)
	at net.thucydides.core.steps.StepInterceptor.executeTestStepMethod(StepInterceptor.java:463)
	at net.thucydides.core.steps.StepInterceptor.runTestStep(StepInterceptor.java:438)
	at net.thucydides.core.steps.StepInterceptor.runOrSkipMethod(StepInterceptor.java:179)
	at net.thucydides.core.steps.StepInterceptor.testStepResult(StepInterceptor.java:166)
	at net.thucydides.core.steps.StepInterceptor.intercept(StepInterceptor.java:72)
	at steps.LoginSteps$$EnhancerByCGLIB$$98e47f3b.launchTheUrl(&lt;generated&gt;)
	at stepDefinitions.LoginPageBDD.user_opens_the_URL(LoginPageBDD.java:18)
	at ✽.As a user should be able to launch the application(./src/test/resources/features/Login.feature:10)
Caused by: net.thucydides.core.webdriver.UnsupportedDriverException: Could not instantiate new WebDriver instance of type class org.openqa.selenium.chrome.ChromeDriver (session not created
from timeout: Timed out receiving message from renderer: 600.000
  (Session info: chrome=93.0.4577.63)
Build info: version: &apos;3.141.59&apos;, revision: &apos;e82be7d358&apos;, time: &apos;2018-11-14T08:17:03&apos;
System info: host: &apos;ADMIN&apos;, ip: &apos;169.254.54.236&apos;, os.name: &apos;Windows 8&apos;, os.arch: &apos;x86&apos;, os.version: &apos;6.2&apos;, java.version: &apos;1.8.0_201&apos;
Driver info: driver.version: ChromeDriver
remote stacktrace: Backtrace:
	Ordinal0 [0x00F0A2D3+2663123]
	Ordinal0 [0x00E9A491+2204817]
	Ordinal0 [0x00D82118+1057048]
	Ordinal0 [0x00D749BD+1001917]
	Ordinal0 [0x00D73A0D+997901]
	Ordinal0 [0x00D73CC6+998598]
	Ordinal0 [0x00D735B5+996789]
	Ordinal0 [0x00D7E1C4+1040836]
	Ordinal0 [0x00D73571+996721]
	Ordinal0 [0x00D74496+1000598]
	Ordinal0 [0x00D73A0D+997901]
	Ordinal0 [0x00D73CC6+998598]
	Ordinal0 [0x00D735B5+996789]
	Ordinal0 [0x00D7C1AA+1032618]
	Ordinal0 [0x00D73571+996721]
	Ordinal0 [0x00D74496+1000598]
	Ordinal0 [0x00D73A0D+997901]
	Ordinal0 [0x00D73CC6+998598]
	Ordinal0 [0x00D735B5+996789]
	Ordinal0 [0x00D7A039+1024057]
	Ordinal0 [0x00D73571+996721]
	Ordinal0 [0x00D74496+1000598]
	Ordinal0 [0x00D73A0D+997901]
	Ordinal0 [0x00D73CC6+998598]
	Ordinal0 [0x00D735B5+996789]
	Ordinal0 [0x00D7935C+1020764]
	Ordinal0 [0x00D73571+996721]
	Ordinal0 [0x00D74496+1000598]
	Ordinal0 [0x00D73A0D+997901]
	Ordinal0 [0x00D73CC6+998598]
	Ordinal0 [0x00D735B5+996789]
	Ordinal0 [0x00D6F19D+979357]
	Ordinal0 [0x00D73571+996721]
	Ordinal0 [0x00D73310+996112]
	Ordinal0 [0x00D730A9+995497]
	Ordinal0 [0x00D83330+1061680]
	Ordinal0 [0x00DCAD29+1355049]
	Ordinal0 [0x00DC99FA+1350138]
	Ordinal0 [0x00DC589B+1333403]
	Ordinal0 [0x00DA1F74+1187700]
	Ordinal0 [0x00DA2DC9+1191369]
	GetHandleVerifier [0x010A30D6+1610054]
	GetHandleVerifier [0x0114B53B+2299307]
	GetHandleVerifier [0x00F98DA9+519705]
	GetHandleVerifier [0x00F97759+513993]
	Ordinal0 [0x00EA112D+2232621]
	Ordinal0 [0x00EA55F8+2250232]
	Ordinal0 [0x00EA5732+2250546]
	Ordinal0 [0x00EAE591+2286993]
	BaseThreadInitThunk [0x754A173E+18]
	LdrInitializeThunk [0x779E0409+593]
	LdrInitializeThunk [0x779E03B5+509]

	at net.thucydides.core.webdriver.WebDriverFactory.newWebdriverInstance(WebDriverFactory.java:137)
	at net.thucydides.core.webdriver.WebDriverFacade.newDriverInstance(WebDriverFacade.java:151)
	at net.thucydides.core.webdriver.WebDriverFacade.newProxyDriver(WebDriverFacade.java:142)
	at net.thucydides.core.webdriver.WebDriverFacade.getProxiedDriver(WebDriverFacade.java:112)
	at net.thucydides.core.webdriver.WebDriverFacade.get(WebDriverFacade.java:182)
	at pageObjects.LoginPageObject.LaunchTheHomeUrl(LoginPageObject.java:36)
	at steps.LoginSteps.launchTheUrl(LoginSteps.java:14)
	at steps.LoginSteps$$EnhancerByCGLIB$$98e47f3b.CGLIB$launchTheUrl$0(&lt;generated&gt;)
	at steps.LoginSteps$$EnhancerByCGLIB$$98e47f3b$$FastClassByCGLIB$$30037acd.invoke(&lt;generated&gt;)
	at net.sf.cglib.proxy.MethodProxy.invokeSuper(MethodProxy.java:228)
	at net.thucydides.core.steps.StepInterceptor.invokeMethod(StepInterceptor.java:478)
	at net.thucydides.core.steps.StepInterceptor.executeTestStepMethod(StepInterceptor.java:463)
	at net.thucydides.core.steps.StepInterceptor.runTestStep(StepInterceptor.java:438)
	at net.thucydides.core.steps.StepInterceptor.runOrSkipMethod(StepInterceptor.java:179)
	at net.thucydides.core.steps.StepInterceptor.testStepResult(StepInterceptor.java:166)
	at net.thucydides.core.steps.StepInterceptor.intercept(StepInterceptor.java:72)
	at steps.LoginSteps$$EnhancerByCGLIB$$98e47f3b.launchTheUrl(&lt;generated&gt;)
	at stepDefinitions.LoginPageBDD.user_opens_the_URL(LoginPageBDD.java:18)
	at sun.reflect.NativeMethodAccessorImpl.invoke0(Native Method)
	at sun.reflect.NativeMethodAccessorImpl.invoke(NativeMethodAccessorImpl.java:62)
	at sun.reflect.DelegatingMethodAccessorImpl.invoke(DelegatingMethodAccessorImpl.java:43)
	at java.lang.reflect.Method.invoke(Method.java:498)
	at cucumber.runtime.Utils$1.call(Utils.java:26)
	at cucumber.runtime.Timeout.timeout(Timeout.java:16)
	at cucumber.runtime.Utils.invoke(Utils.java:20)
	at cucumber.runtime.java.JavaStepDefinition.execute(JavaStepDefinition.java:49)
	at cucumber.runner.PickleStepDefinitionMatch.runStep(PickleStepDefinitionMatch.java:50)
	at cucumber.runner.TestStep.executeStep(TestStep.java:63)
	at cucumber.runner.TestStep.run(TestStep.java:49)
	at cucumber.runner.PickleStepTestStep.run(PickleStepTestStep.java:43)
	at cucumber.runner.TestCase.run(TestCase.java:44)
	at cucumber.runner.Runner.runPickle(Runner.java:40)
	at cucumber.runtime.junit.PickleRunners$NoStepDescriptions.run(PickleRunners.java:146)
	at cucumber.runtime.junit.FeatureRunner.runChild(FeatureRunner.java:68)
	at cucumber.runtime.junit.FeatureRunner.runChild(FeatureRunner.java:23)
	at org.junit.runners.ParentRunner$3.run(ParentRunner.java:238)
	at org.junit.runners.ParentRunner$1.schedule(ParentRunner.java:63)
	at org.junit.runners.ParentRunner.runChildren(ParentRunner.java:236)
	at org.junit.runners.ParentRunner.access$000(ParentRunner.java:53)
	at org.junit.runners.ParentRunner$2.evaluate(ParentRunner.java:229)
	at org.junit.runners.ParentRunner.run(ParentRunner.java:309)
	at cucumber.runtime.junit.FeatureRunner.run(FeatureRunner.java:73)
	at net.serenitybdd.cucumber.CucumberWithSerenity.runChild(CucumberWithSerenity.java:193)
	at net.serenitybdd.cucumber.CucumberWithSerenity.runChild(CucumberWithSerenity.java:64)
	at org.junit.runners.ParentRunner$3.run(ParentRunner.java:238)
	at org.junit.runners.ParentRunner$1.schedule(ParentRunner.java:63)
	at org.junit.runners.ParentRunner.runChildren(ParentRunner.java:236)
	at org.junit.runners.ParentRunner.access$000(ParentRunner.java:53)
	at org.junit.runners.ParentRunner$2.evaluate(ParentRunner.java:229)
	at net.serenitybdd.cucumber.CucumberWithSerenity$1.evaluate(CucumberWithSerenity.java:202)
	at org.junit.runners.ParentRunner.run(ParentRunner.java:309)
	at org.apache.maven.surefire.junit4.JUnit4Provider.execute(JUnit4Provider.java:252)
	at org.apache.maven.surefire.junit4.JUnit4Provider.executeTestSet(JUnit4Provider.java:141)
	at org.apache.maven.surefire.junit4.JUnit4Provider.invoke(JUnit4Provider.java:112)
	at sun.reflect.NativeMethodAccessorImpl.invoke0(Native Method)
	at sun.reflect.NativeMethodAccessorImpl.invoke(NativeMethodAccessorImpl.java:62)
	at sun.reflect.DelegatingMethodAccessorImpl.invoke(DelegatingMethodAccessorImpl.java:43)
	at java.lang.reflect.Method.invoke(Method.java:498)
	at org.apache.maven.surefire.util.ReflectionUtils.invokeMethodWithArray(ReflectionUtils.java:189)
	at org.apache.maven.surefire.booter.ProviderFactory$ProviderProxy.invoke(ProviderFactory.java:165)
	at org.apache.maven.surefire.booter.ProviderFactory.invokeProvider(ProviderFactory.java:85)
	at org.apache.maven.surefire.booter.ForkedBooter.runSuitesInProcess(ForkedBooter.java:115)
	at org.apache.maven.surefire.booter.ForkedBooter.main(ForkedBooter.java:75)
Caused by: org.openqa.selenium.SessionNotCreatedException: session not created
from timeout: Timed out receiving message from renderer: 600.000
  (Session info: chrome=93.0.4577.63)
Build info: version: &apos;3.141.59&apos;, revision: &apos;e82be7d358&apos;, time: &apos;2018-11-14T08:17:03&apos;
System info: host: &apos;ADMIN&apos;, ip: &apos;169.254.54.236&apos;, os.name: &apos;Windows 8&apos;, os.arch: &apos;x86&apos;, os.version: &apos;6.2&apos;, java.version: &apos;1.8.0_201&apos;
Driver info: driver.version: ChromeDriver
remote stacktrace: Backtrace:
	Ordinal0 [0x00F0A2D3+2663123]
	Ordinal0 [0x00E9A491+2204817]
	Ordinal0 [0x00D82118+1057048]
	Ordinal0 [0x00D749BD+1001917]
	Ordinal0 [0x00D73A0D+997901]
	Ordinal0 [0x00D73CC6+998598]
	Ordinal0 [0x00D735B5+996789]
	Ordinal0 [0x00D7E1C4+1040836]
	Ordinal0 [0x00D73571+996721]
	Ordinal0 [0x00D74496+1000598]
	Ordinal0 [0x00D73A0D+997901]
	Ordinal0 [0x00D73CC6+998598]
	Ordinal0 [0x00D735B5+996789]
	Ordinal0 [0x00D7C1AA+1032618]
	Ordinal0 [0x00D73571+996721]
	Ordinal0 [0x00D74496+1000598]
	Ordinal0 [0x00D73A0D+997901]
	Ordinal0 [0x00D73CC6+998598]
	Ordinal0 [0x00D735B5+996789]
	Ordinal0 [0x00D7A039+1024057]
	Ordinal0 [0x00D73571+996721]
	Ordinal0 [0x00D74496+1000598]
	Ordinal0 [0x00D73A0D+997901]
	Ordinal0 [0x00D73CC6+998598]
	Ordinal0 [0x00D735B5+996789]
	Ordinal0 [0x00D7935C+1020764]
	Ordinal0 [0x00D73571+996721]
	Ordinal0 [0x00D74496+1000598]
	Ordinal0 [0x00D73A0D+997901]
	Ordinal0 [0x00D73CC6+998598]
	Ordinal0 [0x00D735B5+996789]
	Ordinal0 [0x00D6F19D+979357]
	Ordinal0 [0x00D73571+996721]
	Ordinal0 [0x00D73310+996112]
	Ordinal0 [0x00D730A9+995497]
	Ordinal0 [0x00D83330+1061680]
	Ordinal0 [0x00DCAD29+1355049]
	Ordinal0 [0x00DC99FA+1350138]
	Ordinal0 [0x00DC589B+1333403]
	Ordinal0 [0x00DA1F74+1187700]
	Ordinal0 [0x00DA2DC9+1191369]
	GetHandleVerifier [0x010A30D6+1610054]
	GetHandleVerifier [0x0114B53B+2299307]
	GetHandleVerifier [0x00F98DA9+519705]
	GetHandleVerifier [0x00F97759+513993]
	Ordinal0 [0x00EA112D+2232621]
	Ordinal0 [0x00EA55F8+2250232]
	Ordinal0 [0x00EA5732+2250546]
	Ordinal0 [0x00EAE591+2286993]
	BaseThreadInitThunk [0x754A173E+18]
	LdrInitializeThunk [0x779E0409+593]
	LdrInitializeThunk [0x779E03B5+509]

	at sun.reflect.NativeConstructorAccessorImpl.newInstance0(Native Method)
	at sun.reflect.NativeConstructorAccessorImpl.newInstance(NativeConstructorAccessorImpl.java:62)
	at sun.reflect.DelegatingConstructorAccessorImpl.newInstance(DelegatingConstructorAccessorImpl.java:45)
	at java.lang.reflect.Constructor.newInstance(Constructor.java:423)
	at org.openqa.selenium.remote.W3CHandshakeResponse.lambda$errorHandler$0(W3CHandshakeResponse.java:62)
	at org.openqa.selenium.remote.HandshakeResponse.lambda$getResponseFunction$0(HandshakeResponse.java:30)
	at org.openqa.selenium.remote.ProtocolHandshake.lambda$createSession$0(ProtocolHandshake.java:126)
	at java.util.stream.ReferencePipeline$3$1.accept(ReferencePipeline.java:193)
	at java.util.Spliterators$ArraySpliterator.tryAdvance(Spliterators.java:958)
	at java.util.stream.ReferencePipeline.forEachWithCancel(ReferencePipeline.java:126)
	at java.util.stream.AbstractPipeline.copyIntoWithCancel(AbstractPipeline.java:498)
	at java.util.stream.AbstractPipeline.copyInto(AbstractPipeline.java:485)
	at java.util.stream.AbstractPipeline.wrapAndCopyInto(AbstractPipeline.java:471)
	at java.util.stream.FindOps$FindOp.evaluateSequential(FindOps.java:152)
	at java.util.stream.AbstractPipeline.evaluate(AbstractPipeline.java:234)
	at java.util.stream.ReferencePipeline.findFirst(ReferencePipeline.java:464)
	at org.openqa.selenium.remote.ProtocolHandshake.createSession(ProtocolHandshake.java:128)
	at org.openqa.selenium.remote.ProtocolHandshake.createSession(ProtocolHandshake.java:74)
	at org.openqa.selenium.remote.HttpCommandExecutor.execute(HttpCommandExecutor.java:136)
	at org.openqa.selenium.remote.service.DriverCommandExecutor.execute(DriverCommandExecutor.java:83)
	at org.openqa.selenium.remote.RemoteWebDriver.execute(RemoteWebDriver.java:552)
	at org.openqa.selenium.remote.RemoteWebDriver.startSession(RemoteWebDriver.java:213)
	at org.openqa.selenium.remote.RemoteWebDriver.&lt;init&gt;(RemoteWebDriver.java:131)
	at org.openqa.selenium.chrome.ChromeDriver.&lt;init&gt;(ChromeDriver.java:181)
	at org.openqa.selenium.chrome.ChromeDriver.&lt;init&gt;(ChromeDriver.java:147)
	at net.serenitybdd.core.webdriver.servicepools.ChromeServicePool.newDriverInstance(ChromeServicePool.java:19)
	at net.serenitybdd.core.webdriver.servicepools.DriverServicePool.newDriver(DriverServicePool.java:77)
	at net.serenitybdd.core.webdriver.driverproviders.ChromeDriverProvider.newInstance(ChromeDriverProvider.java:49)
	at net.thucydides.core.webdriver.WebDriverFactory.newWebdriverInstance(WebDriverFactory.java:127)
	... 62 more
</error>
    <system-out>[INFO ] 2021-09-05 14:43:27.218 [main] Hooks - Log and config properties are initialized
[INFO ] 2021-09-05 14:43:27.804 [main] DefaultPageObject - Enters the method-open URL
</system-out>
    <system-err>SLF4J: Failed to load class &quot;org.slf4j.impl.StaticLoggerBinder&quot;.
SLF4J: Defaulting to no-operation (NOP) logger implementation
SLF4J: See http://www.slf4j.org/codes.html#StaticLoggerBinder for further details.
Sep 05, 2021 2:43:31 PM org.openqa.selenium.remote.DesiredCapabilities chrome
INFO: Using `new ChromeOptions()` is preferred to `DesiredCapabilities.chrome()`
Starting ChromeDriver 93.0.4577.15 (660fc11082ba57405eca2e8c49c3e1af756fbfae-refs/branch-heads/4577@{#203}) on port 17991
Only local connections are allowed.
Please see https://chromedriver.chromium.org/security-considerations for suggestions on keeping ChromeDriver safe.
ChromeDriver was started successfully.
[1630833820.411][SEVERE]: Timed out receiving message from renderer: 600.000
Starting ChromeDriver 93.0.4577.15 (660fc11082ba57405eca2e8c49c3e1af756fbfae-refs/branch-heads/4577@{#203}) on port 27672
Only local connections are allowed.
Please see https://chromedriver.chromium.org/security-considerations for suggestions on keeping ChromeDriver safe.
ChromeDriver was started successfully.
[1630833824.470][SEVERE]: connect failed: 10013
[1630834424.489][SEVERE]: Timed out receiving message from renderer: 600.000
</system-err>
  </testcase>
</testsuite>